<?xml version="1.0" encoding="UTF-8"?>
<testsuite xmlns:xsi="http://www.w3.org/2001/XMLSchema-instance" xsi:noNamespaceSchemaLocation="https://maven.apache.org/surefire/maven-surefire-plugin/xsd/surefire-test-report.xsd" version="3.0.2" name="com.yuan.wealthwisebackend.YahooFinanceTest" time="5.156" tests="1" errors="1" skipped="0" failures="0" flakes="0">
  <properties>
[...]
</properties>
  <testcase name="testGetStockInfo" classname="com.yuan.wealthwisebackend.YahooFinanceTest" time="2.071">
    <error message="Server returned HTTP response code: 429 for URL: https://query1.finance.yahoo.com/v7/finance/quote?symbols=TSLA" type="java.io.IOException"><![CDATA[java.io.IOException: Server returned HTTP response code: 429 for URL: https://query1.finance.yahoo.com/v7/finance/quote?symbols=TSLA
	at java.base/jdk.internal.reflect.NativeConstructorAccessorImpl.newInstance0(Native Method)
	at java.base/jdk.internal.reflect.NativeConstructorAccessorImpl.newInstance(NativeConstructorAccessorImpl.java:77)
	at java.base/jdk.internal.reflect.DelegatingConstructorAccessorImpl.newInstance(DelegatingConstructorAccessorImpl.java:45)
	at java.base/java.lang.reflect.Constructor.newInstanceWithCaller(Constructor.java:500)
	at java.base/java.lang.reflect.Constructor.newInstance(Constructor.java:481)
	at java.base/sun.net.www.protocol.http.HttpURLConnection$10.run(HttpURLConnection.java:2094)
	at java.base/sun.net.www.protocol.http.HttpURLConnection$10.run(HttpURLConnection.java:2089)
	at java.base/java.security.AccessController.doPrivileged(AccessController.java:569)
	at java.base/sun.net.www.protocol.http.HttpURLConnection.getChainedException(HttpURLConnection.java:2088)
	at java.base/sun.net.www.protocol.http.HttpURLConnection.getInputStream0(HttpURLConnection.java:1646)
	at java.base/sun.net.www.protocol.http.HttpURLConnection.getInputStream(HttpURLConnection.java:1626)
	at java.base/sun.net.www.protocol.https.HttpsURLConnectionImpl.getInputStream(HttpsURLConnectionImpl.java:224)
	at yahoofinance.quotes.query1v7.QuotesRequest.getResult(QuotesRequest.java:74)
	at yahoofinance.YahooFinance.getQuotes(YahooFinance.java:381)
	at yahoofinance.YahooFinance.get(YahooFinance.java:98)
	at com.yuan.wealthwisebackend.YahooFinanceTest.testGetStockInfo(YahooFinanceTest.java:16)
	at java.base/java.lang.reflect.Method.invoke(Method.java:569)
	at java.base/java.util.ArrayList.forEach(ArrayList.java:1511)
	at java.base/java.util.ArrayList.forEach(ArrayList.java:1511)
Caused by: java.io.IOException: Server returned HTTP response code: 429 for URL: https://query1.finance.yahoo.com/v7/finance/quote?symbols=TSLA
	at java.base/sun.net.www.protocol.http.HttpURLConnection.getInputStream0(HttpURLConnection.java:2037)
	at java.base/sun.net.www.protocol.http.HttpURLConnection.getInputStream(HttpURLConnection.java:1626)
	at java.base/java.net.HttpURLConnection.getResponseCode(HttpURLConnection.java:529)
	at java.base/sun.net.www.protocol.https.HttpsURLConnectionImpl.getResponseCode(HttpsURLConnectionImpl.java:308)
	at yahoofinance.util.RedirectableRequest.openConnection(RedirectableRequest.java:54)
	at yahoofinance.util.RedirectableRequest.openConnection(RedirectableRequest.java:34)
	at yahoofinance.quotes.query1v7.QuotesRequest.getResult(QuotesRequest.java:72)
	... 6 more
]]></error>
    <system-out><![CDATA[17:14:16.359 [main] INFO org.springframework.test.context.support.AnnotationConfigContextLoaderUtils -- Could not detect default configuration classes for test class [com.yuan.wealthwisebackend.YahooFinanceTest]: YahooFinanceTest does not declare any static, non-private, non-final, nested classes annotated with @Configuration.
17:14:16.487 [main] INFO org.springframework.boot.test.context.SpringBootTestContextBootstrapper -- Found @SpringBootConfiguration com.yuan.wealthwisebackend.WealthWiseBackendApplication for test class com.yuan.wealthwisebackend.YahooFinanceTest

  .   ____          _            __ _ _
 /\\ / ___'_ __ _ _(_)_ __  __ _ \ \ \ \
( ( )\___ | '_ | '_| | '_ \/ _` | \ \ \ \
 \\/  ___)| |_)| | | | | || (_| |  ) ) ) )
  '  |____| .__|_| |_|_| |_\__, | / / / /
 =========|_|==============|___/=/_/_/_/

 :: Spring Boot ::               (v3.5.13)

2026-03-30T17:14:17.118+08:00  INFO 2904 --- [WealthWise-backend] [           main] c.y.wealthwisebackend.YahooFinanceTest   : Starting YahooFinanceTest using Java 17.0.15 with PID 2904 (started by 崔昊男 in D:\WealthWise-backend)
2026-03-30T17:14:17.120+08:00  INFO 2904 --- [WealthWise-backend] [           main] c.y.wealthwisebackend.YahooFinanceTest   : No active profile set, falling back to 1 default profile: "default"
2026-03-30T17:14:19.216+08:00  INFO 2904 --- [WealthWise-backend] [           main] .w.s.a.s.AnnotationActionEndpointMapping : Supporting [WS-Addressing August 2004, WS-Addressing 1.0]
2026-03-30T17:14:19.269+08:00  INFO 2904 --- [WealthWise-backend] [           main] c.y.wealthwisebackend.YahooFinanceTest   : Started YahooFinanceTest in 2.598 seconds (process running for 4.222)
2026-03-30T17:14:20.196+08:00  INFO 2904 --- [WealthWise-backend] [           main] y.quotes.query1v7.QuotesRequest          : Sending request: https://query1.finance.yahoo.com/v7/finance/quote?symbols=TSLA
]]></system-out>
  </testcase>
</testsuite>